2022-03-24T16:04:59+00:00 CRITICAL Uncaught Error: Undefined class constant 'MYSQL_ATTR_INIT_COMMAND' in /var/www/html/wp-content/plugins/mailpoet/lib/Doctrine/ConnectionFactory.php:84
Stack trace:
#0 /var/www/html/wp-content/plugins/mailpoet/lib/Doctrine/ConnectionFactory.php(45): MailPoet\Doctrine\ConnectionFactory->getDriverOptions('+08:00', 'utf8mb4', 'utf8mb4_unicode...')
#1 /var/www/html/wp-content/plugins/mailpoet/generated/FreeCachedContainer.php(444): MailPoet\Doctrine\ConnectionFactory->createConnection()
#2 /var/www/html/wp-content/plugins/mailpoet/generated/FreeCachedContainer.php(1874): MailPoetGenerated\FreeCachedContainer->getConnectionService()
#3 /var/www/html/wp-content/plugins/mailpoet/generated/FreeCachedContainer.php(454): MailPoetGenerated\FreeCachedContainer->getEntityManagerFactoryService()
#4 /var/www/html/wp-content/plugins/mailpoet/generated/FreeCachedContainer.php(1842): MailPoetGenerated\FreeCachedContainer->getEntityManagerService()
#5 /var/www/html/wp-content/plugins/mailpoet/generated/FreeCachedContainer.php(312 in /var/www/html/wp-content/plugins/mailpoet/lib/Doctrine/ConnectionFactory.php on line 84

2022-03-24T16:05:04+00:00 CRITICAL Uncaught Error: Undefined class constant 'MYSQL_ATTR_INIT_COMMAND' in /var/www/html/wp-content/plugins/mailpoet/lib/Doctrine/ConnectionFactory.php:84
Stack trace:
#0 /var/www/html/wp-content/plugins/mailpoet/lib/Doctrine/ConnectionFactory.php(45): MailPoet\Doctrine\ConnectionFactory->getDriverOptions('+08:00', 'utf8mb4', 'utf8mb4_unicode...')
#1 /var/www/html/wp-content/plugins/mailpoet/generated/FreeCachedContainer.php(444): MailPoet\Doctrine\ConnectionFactory->createConnection()
#2 /var/www/html/wp-content/plugins/mailpoet/generated/FreeCachedContainer.php(1874): MailPoetGenerated\FreeCachedContainer->getConnectionService()
#3 /var/www/html/wp-content/plugins/mailpoet/generated/FreeCachedContainer.php(454): MailPoetGenerated\FreeCachedContainer->getEntityManagerFactoryService()
#4 /var/www/html/wp-content/plugins/mailpoet/generated/FreeCachedContainer.php(1842): MailPoetGenerated\FreeCachedContainer->getEntityManagerService()
#5 /var/www/html/wp-content/plugins/mailpoet/generated/FreeCachedContainer.php(312 in /var/www/html/wp-content/plugins/mailpoet/lib/Doctrine/ConnectionFactory.php on line 84

2022-03-24T16:05:55+00:00 CRITICAL Uncaught Error: Undefined class constant 'MYSQL_ATTR_INIT_COMMAND' in /var/www/html/wp-content/plugins/mailpoet/lib/Doctrine/ConnectionFactory.php:84
Stack trace:
#0 /var/www/html/wp-content/plugins/mailpoet/lib/Doctrine/ConnectionFactory.php(45): MailPoet\Doctrine\ConnectionFactory->getDriverOptions('+08:00', 'utf8mb4', 'utf8mb4_unicode...')
#1 /var/www/html/wp-content/plugins/mailpoet/generated/FreeCachedContainer.php(444): MailPoet\Doctrine\ConnectionFactory->createConnection()
#2 /var/www/html/wp-content/plugins/mailpoet/generated/FreeCachedContainer.php(1874): MailPoetGenerated\FreeCachedContainer->getConnectionService()
#3 /var/www/html/wp-content/plugins/mailpoet/generated/FreeCachedContainer.php(454): MailPoetGenerated\FreeCachedContainer->getEntityManagerFactoryService()
#4 /var/www/html/wp-content/plugins/mailpoet/generated/FreeCachedContainer.php(1842): MailPoetGenerated\FreeCachedContainer->getEntityManagerService()
#5 /var/www/html/wp-content/plugins/mailpoet/generated/FreeCachedContainer.php(312 in /var/www/html/wp-content/plugins/mailpoet/lib/Doctrine/ConnectionFactory.php on line 84

2022-03-24T16:06:00+00:00 CRITICAL Uncaught Error: Undefined class constant 'MYSQL_ATTR_INIT_COMMAND' in /var/www/html/wp-content/plugins/mailpoet/lib/Doctrine/ConnectionFactory.php:84
Stack trace:
#0 /var/www/html/wp-content/plugins/mailpoet/lib/Doctrine/ConnectionFactory.php(45): MailPoet\Doctrine\ConnectionFactory->getDriverOptions('+08:00', 'utf8mb4', 'utf8mb4_unicode...')
#1 /var/www/html/wp-content/plugins/mailpoet/generated/FreeCachedContainer.php(444): MailPoet\Doctrine\ConnectionFactory->createConnection()
#2 /var/www/html/wp-content/plugins/mailpoet/generated/FreeCachedContainer.php(1874): MailPoetGenerated\FreeCachedContainer->getConnectionService()
#3 /var/www/html/wp-content/plugins/mailpoet/generated/FreeCachedContainer.php(454): MailPoetGenerated\FreeCachedContainer->getEntityManagerFactoryService()
#4 /var/www/html/wp-content/plugins/mailpoet/generated/FreeCachedContainer.php(1842): MailPoetGenerated\FreeCachedContainer->getEntityManagerService()
#5 /var/www/html/wp-content/plugins/mailpoet/generated/FreeCachedContainer.php(312 in /var/www/html/wp-content/plugins/mailpoet/lib/Doctrine/ConnectionFactory.php on line 84

2022-03-24T16:06:06+00:00 CRITICAL Uncaught Error: Undefined class constant 'MYSQL_ATTR_INIT_COMMAND' in /var/www/html/wp-content/plugins/mailpoet/lib/Doctrine/ConnectionFactory.php:84
Stack trace:
#0 /var/www/html/wp-content/plugins/mailpoet/lib/Doctrine/ConnectionFactory.php(45): MailPoet\Doctrine\ConnectionFactory->getDriverOptions('+08:00', 'utf8mb4', 'utf8mb4_unicode...')
#1 /var/www/html/wp-content/plugins/mailpoet/generated/FreeCachedContainer.php(444): MailPoet\Doctrine\ConnectionFactory->createConnection()
#2 /var/www/html/wp-content/plugins/mailpoet/generated/FreeCachedContainer.php(1874): MailPoetGenerated\FreeCachedContainer->getConnectionService()
#3 /var/www/html/wp-content/plugins/mailpoet/generated/FreeCachedContainer.php(454): MailPoetGenerated\FreeCachedContainer->getEntityManagerFactoryService()
#4 /var/www/html/wp-content/plugins/mailpoet/generated/FreeCachedContainer.php(1842): MailPoetGenerated\FreeCachedContainer->getEntityManagerService()
#5 /var/www/html/wp-content/plugins/mailpoet/generated/FreeCachedContainer.php(312 in /var/www/html/wp-content/plugins/mailpoet/lib/Doctrine/ConnectionFactory.php on line 84

2022-03-24T16:06:07+00:00 CRITICAL Uncaught Error: Undefined class constant 'MYSQL_ATTR_INIT_COMMAND' in /var/www/html/wp-content/plugins/mailpoet/lib/Doctrine/ConnectionFactory.php:84
Stack trace:
#0 /var/www/html/wp-content/plugins/mailpoet/lib/Doctrine/ConnectionFactory.php(45): MailPoet\Doctrine\ConnectionFactory->getDriverOptions('+08:00', 'utf8mb4', 'utf8mb4_unicode...')
#1 /var/www/html/wp-content/plugins/mailpoet/generated/FreeCachedContainer.php(444): MailPoet\Doctrine\ConnectionFactory->createConnection()
#2 /var/www/html/wp-content/plugins/mailpoet/generated/FreeCachedContainer.php(1874): MailPoetGenerated\FreeCachedContainer->getConnectionService()
#3 /var/www/html/wp-content/plugins/mailpoet/generated/FreeCachedContainer.php(454): MailPoetGenerated\FreeCachedContainer->getEntityManagerFactoryService()
#4 /var/www/html/wp-content/plugins/mailpoet/generated/FreeCachedContainer.php(1842): MailPoetGenerated\FreeCachedContainer->getEntityManagerService()
#5 /var/www/html/wp-content/plugins/mailpoet/generated/FreeCachedContainer.php(312 in /var/www/html/wp-content/plugins/mailpoet/lib/Doctrine/ConnectionFactory.php on line 84

2022-03-24T16:06:09+00:00 CRITICAL Uncaught Error: Undefined class constant 'MYSQL_ATTR_INIT_COMMAND' in /var/www/html/wp-content/plugins/mailpoet/lib/Doctrine/ConnectionFactory.php:84
Stack trace:
#0 /var/www/html/wp-content/plugins/mailpoet/lib/Doctrine/ConnectionFactory.php(45): MailPoet\Doctrine\ConnectionFactory->getDriverOptions('+08:00', 'utf8mb4', 'utf8mb4_unicode...')
#1 /var/www/html/wp-content/plugins/mailpoet/generated/FreeCachedContainer.php(444): MailPoet\Doctrine\ConnectionFactory->createConnection()
#2 /var/www/html/wp-content/plugins/mailpoet/generated/FreeCachedContainer.php(1874): MailPoetGenerated\FreeCachedContainer->getConnectionService()
#3 /var/www/html/wp-content/plugins/mailpoet/generated/FreeCachedContainer.php(454): MailPoetGenerated\FreeCachedContainer->getEntityManagerFactoryService()
#4 /var/www/html/wp-content/plugins/mailpoet/generated/FreeCachedContainer.php(1842): MailPoetGenerated\FreeCachedContainer->getEntityManagerService()
#5 /var/www/html/wp-content/plugins/mailpoet/generated/FreeCachedContainer.php(312 in /var/www/html/wp-content/plugins/mailpoet/lib/Doctrine/ConnectionFactory.php on line 84

