2022-03-26T06:36:00+00:00 CRITICAL Uncaught Error: Undefined class constant 'MYSQL_ATTR_INIT_COMMAND' in /var/www/html/wp-content/plugins/mailpoet/lib/Doctrine/ConnectionFactory.php:84
Stack trace:
#0 /var/www/html/wp-content/plugins/mailpoet/lib/Doctrine/ConnectionFactory.php(45): MailPoet\Doctrine\ConnectionFactory->getDriverOptions('+08:00', 'utf8mb4', 'utf8mb4_unicode...')
#1 /var/www/html/wp-content/plugins/mailpoet/generated/FreeCachedContainer.php(444): MailPoet\Doctrine\ConnectionFactory->createConnection()
#2 /var/www/html/wp-content/plugins/mailpoet/generated/FreeCachedContainer.php(1874): MailPoetGenerated\FreeCachedContainer->getConnectionService()
#3 /var/www/html/wp-content/plugins/mailpoet/generated/FreeCachedContainer.php(454): MailPoetGenerated\FreeCachedContainer->getEntityManagerFactoryService()
#4 /var/www/html/wp-content/plugins/mailpoet/generated/FreeCachedContainer.php(1842): MailPoetGenerated\FreeCachedContainer->getEntityManagerService()
#5 /var/www/html/wp-content/plugins/mailpoet/generated/FreeCachedContainer.php(312 於 /var/www/html/wp-content/plugins/mailpoet/lib/Doctrine/ConnectionFactory.php 在 84 線上

2022-03-26T06:36:03+00:00 CRITICAL Uncaught Error: Undefined class constant 'MYSQL_ATTR_INIT_COMMAND' in /var/www/html/wp-content/plugins/mailpoet/lib/Doctrine/ConnectionFactory.php:84
Stack trace:
#0 /var/www/html/wp-content/plugins/mailpoet/lib/Doctrine/ConnectionFactory.php(45): MailPoet\Doctrine\ConnectionFactory->getDriverOptions('+08:00', 'utf8mb4', 'utf8mb4_unicode...')
#1 /var/www/html/wp-content/plugins/mailpoet/generated/FreeCachedContainer.php(444): MailPoet\Doctrine\ConnectionFactory->createConnection()
#2 /var/www/html/wp-content/plugins/mailpoet/generated/FreeCachedContainer.php(1874): MailPoetGenerated\FreeCachedContainer->getConnectionService()
#3 /var/www/html/wp-content/plugins/mailpoet/generated/FreeCachedContainer.php(454): MailPoetGenerated\FreeCachedContainer->getEntityManagerFactoryService()
#4 /var/www/html/wp-content/plugins/mailpoet/generated/FreeCachedContainer.php(1842): MailPoetGenerated\FreeCachedContainer->getEntityManagerService()
#5 /var/www/html/wp-content/plugins/mailpoet/generated/FreeCachedContainer.php(312 於 /var/www/html/wp-content/plugins/mailpoet/lib/Doctrine/ConnectionFactory.php 在 84 線上

2022-03-26T08:13:21+00:00 CRITICAL Uncaught Error: Undefined class constant 'MYSQL_ATTR_INIT_COMMAND' in /var/www/html/wp-content/plugins/mailpoet/lib/Doctrine/ConnectionFactory.php:84
Stack trace:
#0 /var/www/html/wp-content/plugins/mailpoet/lib/Doctrine/ConnectionFactory.php(45): MailPoet\Doctrine\ConnectionFactory->getDriverOptions('+08:00', 'utf8mb4', 'utf8mb4_unicode...')
#1 /var/www/html/wp-content/plugins/mailpoet/generated/FreeCachedContainer.php(444): MailPoet\Doctrine\ConnectionFactory->createConnection()
#2 /var/www/html/wp-content/plugins/mailpoet/generated/FreeCachedContainer.php(1874): MailPoetGenerated\FreeCachedContainer->getConnectionService()
#3 /var/www/html/wp-content/plugins/mailpoet/generated/FreeCachedContainer.php(454): MailPoetGenerated\FreeCachedContainer->getEntityManagerFactoryService()
#4 /var/www/html/wp-content/plugins/mailpoet/generated/FreeCachedContainer.php(1842): MailPoetGenerated\FreeCachedContainer->getEntityManagerService()
#5 /var/www/html/wp-content/plugins/mailpoet/generated/FreeCachedContainer.php(312 於 /var/www/html/wp-content/plugins/mailpoet/lib/Doctrine/ConnectionFactory.php 在 84 線上

2022-03-26T08:24:29+00:00 CRITICAL Uncaught Error: Undefined class constant 'MYSQL_ATTR_INIT_COMMAND' in /var/www/html/wp-content/plugins/mailpoet/lib/Doctrine/ConnectionFactory.php:84
Stack trace:
#0 /var/www/html/wp-content/plugins/mailpoet/lib/Doctrine/ConnectionFactory.php(45): MailPoet\Doctrine\ConnectionFactory->getDriverOptions('+08:00', 'utf8mb4', 'utf8mb4_unicode...')
#1 /var/www/html/wp-content/plugins/mailpoet/generated/FreeCachedContainer.php(444): MailPoet\Doctrine\ConnectionFactory->createConnection()
#2 /var/www/html/wp-content/plugins/mailpoet/generated/FreeCachedContainer.php(1874): MailPoetGenerated\FreeCachedContainer->getConnectionService()
#3 /var/www/html/wp-content/plugins/mailpoet/generated/FreeCachedContainer.php(454): MailPoetGenerated\FreeCachedContainer->getEntityManagerFactoryService()
#4 /var/www/html/wp-content/plugins/mailpoet/generated/FreeCachedContainer.php(1842): MailPoetGenerated\FreeCachedContainer->getEntityManagerService()
#5 /var/www/html/wp-content/plugins/mailpoet/generated/FreeCachedContainer.php(312 於 /var/www/html/wp-content/plugins/mailpoet/lib/Doctrine/ConnectionFactory.php 在 84 線上

